#
# A fatal error has been detected by the Java Runtime Environment:
#
#  SIGSEGV (0xb) at pc=0x00007fd30be9ff98, pid=24919, tid=24919
#
# JRE version: OpenJDK Runtime Environment (11.0.15+10) (build 11.0.15+10-post-Debian-1deb10u1)
# Java VM: OpenJDK 64-Bit Server VM (11.0.15+10-post-Debian-1deb10u1, mixed mode, sharing, tiered, compressed oops, g1 gc, linux-amd64)
# Problematic frame:
# V  [libjvm.so+0xb82f98]
#
# No core dump will be written. Core dumps have been disabled. To enable core dumping, try "ulimit -c unlimited" before starting Java again
#
# If you would like to submit a bug report, please visit:
#   https://bugs.debian.org/openjdk-11
#

---------------  S U M M A R Y ------------

Command Line: /home/giorthanos/Desktop/ocl-backend/language_server/language_server.jar

Host: Intel(R) Core(TM) i5 CPU         650  @ 3.20GHz, 4 cores, 5G, Debian GNU/Linux 10 (buster)
Time: Fri May 20 09:58:05 2022 CEST elapsed time: 35.506308 seconds (0d 0h 0m 35s)

---------------  T H R E A D  ---------------

Current thread is native thread

Stack: [0x00007fff9db22000,0x00007fff9e320000],  sp=0x00007fff9e31b0f0,  free space=8164k
Native frames: (J=compiled Java code, A=aot compiled Java code, j=interpreted, Vv=VM code, C=native code)
V  [libjvm.so+0xb82f98]
C  [libpthread.so.0+0x12730]


siginfo: si_signo: 11 (SIGSEGV), si_code: 1 (SEGV_MAPERR), si_addr: 0x00000000000000d0

Register to memory mapping:

RAX=0x0 is NULL
RBX=
[error occurred during error reporting (printing register info), id 0xb, SIGSEGV (0xb) at pc=0x00007fd30c0ee768]

Registers:
RAX=0x0000000000000000, RBX=0x00007fd30c571080, RCX=0x00007fd30c753495, RDX=0x0000000000000000
RSP=0x00007fff9e31b0f0, RBP=0x00007fff9e31b1b0, RSI=0x00007fff9e31b2f0, RDI=0x0000000000000001
R8 =0x00000000000000ca, R9 =0x00007fd30affb9d0, R10=0x0000000000000000, R11=0x0000000000000246
R12=0x0000000000000000, R13=0x00007fff9e31b2f0, R14=0x00007fff9e31b1c0, R15=0x0000000000000000
RIP=0x00007fd30be9ff98, EFLAGS=0x0000000000010246, CSGSFS=0x002b000000000033, ERR=0x0000000000000004
  TRAPNO=0x000000000000000e

Top of Stack: (sp=0x00007fff9e31b0f0)
0x00007fff9e31b0f0:   000000000000065a 00007fd30c583ca0
0x00007fff9e31b100:   00007fd30c78a460 00007fff9e31b188
0x00007fff9e31b110:   00007fff9e31b184 00007fd30c7b685e
0x00007fff9e31b120:   00007fd300000000 00007fd30c583ca0 

Instructions: (pc=0x00007fd30be9ff98)
0x00007fd30be9fe98:   ef 4c 89 f2 48 89 de e8 7c f2 6f ff 4c 89 e7 e8
0x00007fd30be9fea8:   c4 f5 6f ff 48 81 c4 08 01 00 00 5b 41 5c 41 5d
0x00007fd30be9feb8:   41 5e 41 5f 5d c3 66 90 4c 89 e2 be 00 01 00 00
0x00007fd30be9fec8:   48 89 df e8 20 f8 6f ff 48 85 c0 74 ac 48 8d 35
0x00007fd30be9fed8:   cb 67 39 00 48 89 df e8 fc f5 6f ff 48 85 c0 75
0x00007fd30be9fee8:   1f 48 8d 35 cc 67 39 00 48 89 df e8 e8 f5 6f ff
0x00007fd30be9fef8:   48 85 c0 0f 84 80 ff ff ff 0f 1f 80 00 00 00 00
0x00007fd30be9ff08:   be 22 00 00 00 48 89 df e8 5b f6 6f ff 48 85 c0
0x00007fd30be9ff18:   74 26 48 8d 58 01 be 22 00 00 00 48 89 df e8 45
0x00007fd30be9ff28:   f6 6f ff 48 85 c0 0f 85 5f ff ff ff e9 5d ff ff
0x00007fd30be9ff38:   ff 0f 1f 80 00 00 00 00 48 89 df be 3d 00 00 00
0x00007fd30be9ff48:   e8 23 f6 6f ff 48 8d 58 01 e9 2b ff ff ff 66 2e
0x00007fd30be9ff58:   0f 1f 84 00 00 00 00 00 55 48 89 e5 41 57 41 56
0x00007fd30be9ff68:   49 89 d6 41 55 49 89 f5 41 54 53 48 81 ec 98 00
0x00007fd30be9ff78:   00 00 e8 51 fd 6f ff 48 89 c3 44 8b 20 e8 36 d1
0x00007fd30be9ff88:   24 00 31 d2 84 c0 74 08 e8 3b d1 24 00 48 89 c2
0x00007fd30be9ff98:   48 83 ba d0 00 00 00 00 74 16 4c 8b ba 70 02 00
0x00007fd30be9ffa8:   00 41 8b 87 a8 00 00 00 83 f8 01 74 1b 44 89 23
0x00007fd30be9ffb8:   48 81 c4 98 00 00 00 5b 41 5c 41 5d 41 5e 41 5f
0x00007fd30be9ffc8:   5d c3 66 0f 1f 44 00 00 4c 89 ad 48 ff ff ff ba
0x00007fd30be9ffd8:   02 00 00 00 be 01 00 00 00 f3 0f 7e 85 48 ff ff
0x00007fd30be9ffe8:   ff 4c 89 b5 48 ff ff ff 4d 8d af a8 00 00 00 4c
0x00007fd30be9fff8:   89 ef 0f 16 85 48 ff ff ff 41 0f 11 87 b0 00 00
0x00007fd30bea0008:   00 e8 42 bd ff ff 83 f8 02 74 3d 85 c0 75 11 66
0x00007fd30bea0018:   0f ef c0 41 0f 11 87 b0 00 00 00 eb 90 0f 1f 00
0x00007fd30bea0028:   48 8d 05 59 2b 64 00 be 0e 12 00 00 48 8d 3d 75
0x00007fd30bea0038:   71 39 00 48 8b 00 c6 00 58 e8 3a 28 ad ff eb cf
0x00007fd30bea0048:   0f 1f 84 00 00 00 00 00 4c 8d b5 50 ff ff ff 4c
0x00007fd30bea0058:   89 f7 e8 c1 f8 6f ff 4c 89 f2 31 f6 31 ff e8 d5
0x00007fd30bea0068:   f9 6f ff 8b 35 7f d8 65 00 4c 89 f7 e8 57 f5 6f
0x00007fd30bea0078:   ff be 01 00 00 00 48 8d 3d bb 28 6a 00 e8 46 7e
0x00007fd30bea0088:   0c 00 66 0f 1f 44 00 00 4c 89 f7 e8 98 fc 6f ff 


Stack slot to memory mapping:
stack at sp + 0 slots: 
[error occurred during error reporting (inspecting top of stack), id 0xb, SIGSEGV (0xb) at pc=0x00007fd30c0ee768]


---------------  P R O C E S S  ---------------

VM state:not at safepoint (normal execution)

VM Mutex/Monitor currently owned by a thread: None

Heap address: 0x00000000a5600000, size: 1450 MB, Compressed Oops mode: 32-bit
Narrow klass base: 0x0000000800000000, Narrow klass shift: 3
Compressed class space size: 1073741824 Address: 0x0000000840000000

Heap:
 garbage-first heap   total 96256K, used 24204K [0x00000000a5600000, 0x0000000100000000)
  region size 1024K, 23 young (23552K), 2 survivors (2048K)
 Metaspace       used 9413K, capacity 9687K, committed 9856K, reserved 1058816K
  class space    used 1030K, capacity 1134K, committed 1152K, reserved 1048576K
Heap Regions: E=young(eden), S=young(survivor), O=old, HS=humongous(starts), HC=humongous(continues), CS=collection set, F=free, A=archive, TAMS=top-at-mark-start (previous, next)
|   0|0x00000000a5600000, 0x00000000a56f0200, 0x00000000a5700000| 93%| O|  |TAMS 0x00000000a5600000, 0x00000000a5600000| Untracked 
|   1|0x00000000a5700000, 0x00000000a5700000, 0x00000000a5800000|  0%| F|  |TAMS 0x00000000a5700000, 0x00000000a5700000| Untracked 
|   2|0x00000000a5800000, 0x00000000a5800000, 0x00000000a5900000|  0%| F|  |TAMS 0x00000000a5800000, 0x00000000a5800000| Untracked 
|   3|0x00000000a5900000, 0x00000000a5900000, 0x00000000a5a00000|  0%| F|  |TAMS 0x00000000a5900000, 0x00000000a5900000| Untracked 
|   4|0x00000000a5a00000, 0x00000000a5a00000, 0x00000000a5b00000|  0%| F|  |TAMS 0x00000000a5a00000, 0x00000000a5a00000| Untracked 
|   5|0x00000000a5b00000, 0x00000000a5b00000, 0x00000000a5c00000|  0%| F|  |TAMS 0x00000000a5b00000, 0x00000000a5b00000| Untracked 
|   6|0x00000000a5c00000, 0x00000000a5c00000, 0x00000000a5d00000|  0%| F|  |TAMS 0x00000000a5c00000, 0x00000000a5c00000| Untracked 
|   7|0x00000000a5d00000, 0x00000000a5d00000, 0x00000000a5e00000|  0%| F|  |TAMS 0x00000000a5d00000, 0x00000000a5d00000| Untracked 
|   8|0x00000000a5e00000, 0x00000000a5e00000, 0x00000000a5f00000|  0%| F|  |TAMS 0x00000000a5e00000, 0x00000000a5e00000| Untracked 
|   9|0x00000000a5f00000, 0x00000000a5f00000, 0x00000000a6000000|  0%| F|  |TAMS 0x00000000a5f00000, 0x00000000a5f00000| Untracked 
|  10|0x00000000a6000000, 0x00000000a6000000, 0x00000000a6100000|  0%| F|  |TAMS 0x00000000a6000000, 0x00000000a6000000| Untracked 
|  11|0x00000000a6100000, 0x00000000a6100000, 0x00000000a6200000|  0%| F|  |TAMS 0x00000000a6100000, 0x00000000a6100000| Untracked 
|  12|0x00000000a6200000, 0x00000000a6200000, 0x00000000a6300000|  0%| F|  |TAMS 0x00000000a6200000, 0x00000000a6200000| Untracked 
|  13|0x00000000a6300000, 0x00000000a6300000, 0x00000000a6400000|  0%| F|  |TAMS 0x00000000a6300000, 0x00000000a6300000| Untracked 
|  14|0x00000000a6400000, 0x00000000a6400000, 0x00000000a6500000|  0%| F|  |TAMS 0x00000000a6400000, 0x00000000a6400000| Untracked 
|  15|0x00000000a6500000, 0x00000000a6500000, 0x00000000a6600000|  0%| F|  |TAMS 0x00000000a6500000, 0x00000000a6500000| Untracked 
|  16|0x00000000a6600000, 0x00000000a6600000, 0x00000000a6700000|  0%| F|  |TAMS 0x00000000a6600000, 0x00000000a6600000| Untracked 
|  17|0x00000000a6700000, 0x00000000a6700000, 0x00000000a6800000|  0%| F|  |TAMS 0x00000000a6700000, 0x00000000a6700000| Untracked 
|  18|0x00000000a6800000, 0x00000000a6800000, 0x00000000a6900000|  0%| F|  |TAMS 0x00000000a6800000, 0x00000000a6800000| Untracked 
|  19|0x00000000a6900000, 0x00000000a6900000, 0x00000000a6a00000|  0%| F|  |TAMS 0x00000000a6900000, 0x00000000a6900000| Untracked 
|  20|0x00000000a6a00000, 0x00000000a6a00000, 0x00000000a6b00000|  0%| F|  |TAMS 0x00000000a6a00000, 0x00000000a6a00000| Untracked 
|  21|0x00000000a6b00000, 0x00000000a6b00000, 0x00000000a6c00000|  0%| F|  |TAMS 0x00000000a6b00000, 0x00000000a6b00000| Untracked 
|  22|0x00000000a6c00000, 0x00000000a6c00000, 0x00000000a6d00000|  0%| F|  |TAMS 0x00000000a6c00000, 0x00000000a6c00000| Untracked 
|  23|0x00000000a6d00000, 0x00000000a6d00000, 0x00000000a6e00000|  0%| F|  |TAMS 0x00000000a6d00000, 0x00000000a6d00000| Untracked 
|  24|0x00000000a6e00000, 0x00000000a6e00000, 0x00000000a6f00000|  0%| F|  |TAMS 0x00000000a6e00000, 0x00000000a6e00000| Untracked 
|  25|0x00000000a6f00000, 0x00000000a6f00000, 0x00000000a7000000|  0%| F|  |TAMS 0x00000000a6f00000, 0x00000000a6f00000| Untracked 
|  26|0x00000000a7000000, 0x00000000a7000000, 0x00000000a7100000|  0%| F|  |TAMS 0x00000000a7000000, 0x00000000a7000000| Untracked 
|  27|0x00000000a7100000, 0x00000000a7100000, 0x00000000a7200000|  0%| F|  |TAMS 0x00000000a7100000, 0x00000000a7100000| Untracked 
|  28|0x00000000a7200000, 0x00000000a7200000, 0x00000000a7300000|  0%| F|  |TAMS 0x00000000a7200000, 0x00000000a7200000| Untracked 
|  29|0x00000000a7300000, 0x00000000a7300000, 0x00000000a7400000|  0%| F|  |TAMS 0x00000000a7300000, 0x00000000a7300000| Untracked 
|  30|0x00000000a7400000, 0x00000000a7400000, 0x00000000a7500000|  0%| F|  |TAMS 0x00000000a7400000, 0x00000000a7400000| Untracked 
|  31|0x00000000a7500000, 0x00000000a7500000, 0x00000000a7600000|  0%| F|  |TAMS 0x00000000a7500000, 0x00000000a7500000| Untracked 
|  32|0x00000000a7600000, 0x00000000a7600000, 0x00000000a7700000|  0%| F|  |TAMS 0x00000000a7600000, 0x00000000a7600000| Untracked 
|  33|0x00000000a7700000, 0x00000000a7700000, 0x00000000a7800000|  0%| F|  |TAMS 0x00000000a7700000, 0x00000000a7700000| Untracked 
|  34|0x00000000a7800000, 0x00000000a7800000, 0x00000000a7900000|  0%| F|  |TAMS 0x00000000a7800000, 0x00000000a7800000| Untracked 
|  35|0x00000000a7900000, 0x00000000a7900000, 0x00000000a7a00000|  0%| F|  |TAMS 0x00000000a7900000, 0x00000000a7900000| Untracked 
|  36|0x00000000a7a00000, 0x00000000a7a00000, 0x00000000a7b00000|  0%| F|  |TAMS 0x00000000a7a00000, 0x00000000a7a00000| Untracked 
|  37|0x00000000a7b00000, 0x00000000a7b00000, 0x00000000a7c00000|  0%| F|  |TAMS 0x00000000a7b00000, 0x00000000a7b00000| Untracked 
|  38|0x00000000a7c00000, 0x00000000a7c00000, 0x00000000a7d00000|  0%| F|  |TAMS 0x00000000a7c00000, 0x00000000a7c00000| Untracked 
|  39|0x00000000a7d00000, 0x00000000a7d00000, 0x00000000a7e00000|  0%| F|  |TAMS 0x00000000a7d00000, 0x00000000a7d00000| Untracked 
|  40|0x00000000a7e00000, 0x00000000a7e00000, 0x00000000a7f00000|  0%| F|  |TAMS 0x00000000a7e00000, 0x00000000a7e00000| Untracked 
|  41|0x00000000a7f00000, 0x00000000a7f00000, 0x00000000a8000000|  0%| F|  |TAMS 0x00000000a7f00000, 0x00000000a7f00000| Untracked 
|  42|0x00000000a8000000, 0x00000000a8000000, 0x00000000a8100000|  0%| F|  |TAMS 0x00000000a8000000, 0x00000000a8000000| Untracked 
|  43|0x00000000a8100000, 0x00000000a8100000, 0x00000000a8200000|  0%| F|  |TAMS 0x00000000a8100000, 0x00000000a8100000| Untracked 
|  44|0x00000000a8200000, 0x00000000a8200000, 0x00000000a8300000|  0%| F|  |TAMS 0x00000000a8200000, 0x00000000a8200000| Untracked 
|  45|0x00000000a8300000, 0x00000000a8300000, 0x00000000a8400000|  0%| F|  |TAMS 0x00000000a8300000, 0x00000000a8300000| Untracked 
|  46|0x00000000a8400000, 0x00000000a8400000, 0x00000000a8500000|  0%| F|  |TAMS 0x00000000a8400000, 0x00000000a8400000| Untracked 
|  47|0x00000000a8500000, 0x00000000a8500000, 0x00000000a8600000|  0%| F|  |TAMS 0x00000000a8500000, 0x00000000a8500000| Untracked 
|  48|0x00000000a8600000, 0x00000000a8600000, 0x00000000a8700000|  0%| F|  |TAMS 0x00000000a8600000, 0x00000000a8600000| Untracked 
|  49|0x00000000a8700000, 0x00000000a8700000, 0x00000000a8800000|  0%| F|  |TAMS 0x00000000a8700000, 0x00000000a8700000| Untracked 
|  50|0x00000000a8800000, 0x00000000a8800000, 0x00000000a8900000|  0%| F|  |TAMS 0x00000000a8800000, 0x00000000a8800000| Untracked 
|  51|0x00000000a8900000, 0x00000000a8900000, 0x00000000a8a00000|  0%| F|  |TAMS 0x00000000a8900000, 0x00000000a8900000| Untracked 
|  52|0x00000000a8a00000, 0x00000000a8a00000, 0x00000000a8b00000|  0%| F|  |TAMS 0x00000000a8a00000, 0x00000000a8a00000| Untracked 
|  53|0x00000000a8b00000, 0x00000000a8b00000, 0x00000000a8c00000|  0%| F|  |TAMS 0x00000000a8b00000, 0x00000000a8b00000| Untracked 
|  54|0x00000000a8c00000, 0x00000000a8c00000, 0x00000000a8d00000|  0%| F|  |TAMS 0x00000000a8c00000, 0x00000000a8c00000| Untracked 
|  55|0x00000000a8d00000, 0x00000000a8d00000, 0x00000000a8e00000|  0%| F|  |TAMS 0x00000000a8d00000, 0x00000000a8d00000| Untracked 
|  56|0x00000000a8e00000, 0x00000000a8e00000, 0x00000000a8f00000|  0%| F|  |TAMS 0x00000000a8e00000, 0x00000000a8e00000| Untracked 
|  57|0x00000000a8f00000, 0x00000000a8f00000, 0x00000000a9000000|  0%| F|  |TAMS 0x00000000a8f00000, 0x00000000a8f00000| Untracked 
|  58|0x00000000a9000000, 0x00000000a9000000, 0x00000000a9100000|  0%| F|  |TAMS 0x00000000a9000000, 0x00000000a9000000| Untracked 
|  59|0x00000000a9100000, 0x00000000a9100000, 0x00000000a9200000|  0%| F|  |TAMS 0x00000000a9100000, 0x00000000a9100000| Untracked 
|  60|0x00000000a9200000, 0x00000000a9200000, 0x00000000a9300000|  0%| F|  |TAMS 0x00000000a9200000, 0x00000000a9200000| Untracked 
|  61|0x00000000a9300000, 0x00000000a9300000, 0x00000000a9400000|  0%| F|  |TAMS 0x00000000a9300000, 0x00000000a9300000| Untracked 
|  62|0x00000000a9400000, 0x00000000a9400000, 0x00000000a9500000|  0%| F|  |TAMS 0x00000000a9400000, 0x00000000a9400000| Untracked 
|  63|0x00000000a9500000, 0x00000000a9500000, 0x00000000a9600000|  0%| F|  |TAMS 0x00000000a9500000, 0x00000000a9500000| Untracked 
|  64|0x00000000a9600000, 0x00000000a9600000, 0x00000000a9700000|  0%| F|  |TAMS 0x00000000a9600000, 0x00000000a9600000| Untracked 
|  65|0x00000000a9700000, 0x00000000a9700000, 0x00000000a9800000|  0%| F|  |TAMS 0x00000000a9700000, 0x00000000a9700000| Untracked 
|  66|0x00000000a9800000, 0x00000000a9800000, 0x00000000a9900000|  0%| F|  |TAMS 0x00000000a9800000, 0x00000000a9800000| Untracked 
|  67|0x00000000a9900000, 0x00000000a9900000, 0x00000000a9a00000|  0%| F|  |TAMS 0x00000000a9900000, 0x00000000a9900000| Untracked 
|  68|0x00000000a9a00000, 0x00000000a9a00000, 0x00000000a9b00000|  0%| F|  |TAMS 0x00000000a9a00000, 0x00000000a9a00000| Untracked 
|  69|0x00000000a9b00000, 0x00000000a9c00000, 0x00000000a9c00000|100%| E|  |TAMS 0x00000000a9b00000, 0x00000000a9b00000| Complete 
|  70|0x00000000a9c00000, 0x00000000a9d00000, 0x00000000a9d00000|100%| E|CS|TAMS 0x00000000a9c00000, 0x00000000a9c00000| Complete 
|  71|0x00000000a9d00000, 0x00000000a9e00000, 0x00000000a9e00000|100%| E|CS|TAMS 0x00000000a9d00000, 0x00000000a9d00000| Complete 
|  72|0x00000000a9e00000, 0x00000000a9f00000, 0x00000000a9f00000|100%| E|CS|TAMS 0x00000000a9e00000, 0x00000000a9e00000| Complete 
|  73|0x00000000a9f00000, 0x00000000aa000000, 0x00000000aa000000|100%| E|CS|TAMS 0x00000000a9f00000, 0x00000000a9f00000| Complete 
|  74|0x00000000aa000000, 0x00000000aa100000, 0x00000000aa100000|100%| E|CS|TAMS 0x00000000aa000000, 0x00000000aa000000| Complete 
|  75|0x00000000aa100000, 0x00000000aa200000, 0x00000000aa200000|100%| E|CS|TAMS 0x00000000aa100000, 0x00000000aa100000| Complete 
|  76|0x00000000aa200000, 0x00000000aa300000, 0x00000000aa300000|100%| S|CS|TAMS 0x00000000aa200000, 0x00000000aa200000| Complete 
|  77|0x00000000aa300000, 0x00000000aa400000, 0x00000000aa400000|100%| S|CS|TAMS 0x00000000aa300000, 0x00000000aa300000| Complete 
|  78|0x00000000aa400000, 0x00000000aa500000, 0x00000000aa500000|100%| E|CS|TAMS 0x00000000aa400000, 0x00000000aa400000| Complete 
|  79|0x00000000aa500000, 0x00000000aa600000, 0x00000000aa600000|100%| E|CS|TAMS 0x00000000aa500000, 0x00000000aa500000| Complete 
|  80|0x00000000aa600000, 0x00000000aa700000, 0x00000000aa700000|100%| E|CS|TAMS 0x00000000aa600000, 0x00000000aa600000| Complete 
|  81|0x00000000aa700000, 0x00000000aa800000, 0x00000000aa800000|100%| E|CS|TAMS 0x00000000aa700000, 0x00000000aa700000| Complete 
|  82|0x00000000aa800000, 0x00000000aa900000, 0x00000000aa900000|100%| E|CS|TAMS 0x00000000aa800000, 0x00000000aa800000| Complete 
|  83|0x00000000aa900000, 0x00000000aaa00000, 0x00000000aaa00000|100%| E|CS|TAMS 0x00000000aa900000, 0x00000000aa900000| Complete 
|  84|0x00000000aaa00000, 0x00000000aab00000, 0x00000000aab00000|100%| E|CS|TAMS 0x00000000aaa00000, 0x00000000aaa00000| Complete 
|  85|0x00000000aab00000, 0x00000000aac00000, 0x00000000aac00000|100%| E|CS|TAMS 0x00000000aab00000, 0x00000000aab00000| Complete 
|  86|0x00000000aac00000, 0x00000000aad00000, 0x00000000aad00000|100%| E|CS|TAMS 0x00000000aac00000, 0x00000000aac00000| Complete 
|  87|0x00000000aad00000, 0x00000000aae00000, 0x00000000aae00000|100%| E|CS|TAMS 0x00000000aad00000, 0x00000000aad00000| Complete 
|  88|0x00000000aae00000, 0x00000000aaf00000, 0x00000000aaf00000|100%| E|CS|TAMS 0x00000000aae00000, 0x00000000aae00000| Complete 
|  89|0x00000000aaf00000, 0x00000000ab000000, 0x00000000ab000000|100%| E|CS|TAMS 0x00000000aaf00000, 0x00000000aaf00000| Complete 
|  90|0x00000000ab000000, 0x00000000ab100000, 0x00000000ab100000|100%| E|CS|TAMS 0x00000000ab000000, 0x00000000ab000000| Complete 
|  91|0x00000000ab100000, 0x00000000ab200000, 0x00000000ab200000|100%| E|CS|TAMS 0x00000000ab100000, 0x00000000ab100000| Complete 
|1448|0x00000000ffe00000, 0x00000000ffe48000, 0x00000000fff00000| 28%|OA|  |TAMS 0x00000000ffe00000, 0x00000000ffe00000| Untracked 
|1449|0x00000000fff00000, 0x00000000fff6b000, 0x0000000100000000| 41%|CA|  |TAMS 0x00000000fff00000, 0x00000000fff00000| Untracked 

Card table byte_map: [0x00007fd30a207000,0x00007fd30a4dc000] _byte_map_base: 0x00007fd309cdc000

Marking Bits (Prev, Next): (CMBitMap*) 0x00007fd30404d258, (CMBitMap*) 0x00007fd30404d290
 Prev Bits: [0x00007fd30888a000, 0x00007fd309f32000)
 Next Bits: [0x00007fd2e6958000, 0x00007fd2e8000000)

Polling page: 0x00007fd30c791000

Metaspace:

Usage:
  Non-class:      8.35 MB capacity,     8.19 MB ( 98%) used,   148.09 KB (  2%) free+waste,    21.94 KB ( <1%) overhead. 
      Class:      1.11 MB capacity,     1.01 MB ( 91%) used,    91.85 KB (  8%) free+waste,    11.56 KB (  1%) overhead. 
       Both:      9.46 MB capacity,     9.19 MB ( 97%) used,   239.94 KB (  2%) free+waste,    33.50 KB ( <1%) overhead. 

Virtual space:
  Non-class space:       10.00 MB reserved,       8.50 MB ( 85%) committed 
      Class space:        1.00 GB reserved,       1.12 MB ( <1%) committed 
             Both:        1.01 GB reserved,       9.62 MB ( <1%) committed 

Chunk freelists:
   Non-Class:  91.00 KB
       Class:  18.00 KB
        Both:  109.00 KB

MaxMetaspaceSize: unlimited
CompressedClassSpaceSize: 1.00 GB
Initial GC threshold: 20.80 MB
Current GC threshold: 20.80 MB
CDS: on

CodeHeap 'non-profiled nmethods': size=120032Kb used=381Kb max_used=381Kb free=119650Kb
 bounds [0x00007fd2f42e6000, 0x00007fd2f4556000, 0x00007fd2fb81e000]
CodeHeap 'profiled nmethods': size=120032Kb used=2386Kb max_used=2386Kb free=117645Kb
 bounds [0x00007fd2ecdae000, 0x00007fd2ed01e000, 0x00007fd2f42e6000]
CodeHeap 'non-nmethods': size=5696Kb used=1167Kb max_used=1179Kb free=4528Kb
 bounds [0x00007fd2ec81e000, 0x00007fd2eca8e000, 0x00007fd2ecdae000]
 total_blobs=1632 nmethods=1196 adapters=351
 compilation: enabled
              stopped_count=0, restarted_count=0
 full_count=0

Compilation events (20 events):
Event: 1.812 Thread 0x00007fd30415a800 1186       3       java.lang.String::lastIndexOf (10 bytes)
Event: 1.812 Thread 0x00007fd30415a800 nmethod 1186 0x00007fd2ecffb690 code [0x00007fd2ecffb880, 0x00007fd2ecffbca0]
Event: 1.812 Thread 0x00007fd30415a800 1187       3       java.lang.String::lastIndexOf (18 bytes)
Event: 1.812 Thread 0x00007fd30415a800 nmethod 1187 0x00007fd2ecffbe90 code [0x00007fd2ecffc060, 0x00007fd2ecffc320]
Event: 1.812 Thread 0x00007fd30415a800 1188       3       java.lang.String::lastIndexOf (104 bytes)
Event: 1.813 Thread 0x00007fd30415a800 nmethod 1188 0x00007fd2ecffc490 code [0x00007fd2ecffc6a0, 0x00007fd2ecffcb60]
Event: 1.819 Thread 0x00007fd30415a800 1190       3       java.lang.invoke.LambdaForm::normalize (322 bytes)
Event: 1.822 Thread 0x00007fd30415a800 nmethod 1190 0x00007fd2ecffcd10 code [0x00007fd2ecffcfe0, 0x00007fd2ecffe330]
Event: 1.827 Thread 0x00007fd30415a800 1191       3       java.lang.invoke.DirectMethodHandle::shouldBeInitialized (123 bytes)
Event: 1.833 Thread 0x00007fd30415a800 nmethod 1191 0x00007fd2ecffe990 code [0x00007fd2ecffed80, 0x00007fd2ed000410]
Event: 1.833 Thread 0x00007fd30415a800 1192       3       sun.invoke.util.BytecodeDescriptor::unparseMethod (66 bytes)
Event: 1.834 Thread 0x00007fd30415a800 nmethod 1192 0x00007fd2ed000b10 code [0x00007fd2ed000d80, 0x00007fd2ed001620]
Event: 1.834 Thread 0x00007fd30415a800 1195       1       java.util.Formatter$Flags::valueOf (5 bytes)
Event: 1.834 Thread 0x00007fd30415a800 nmethod 1195 0x00007fd2f4345010 code [0x00007fd2f43451c0, 0x00007fd2f4345290]
Event: 1.834 Thread 0x00007fd30415a800 1193       3       jdk.internal.org.objectweb.asm.AnnotationWriter::<init> (34 bytes)
Event: 1.835 Thread 0x00007fd30415a800 nmethod 1193 0x00007fd2ed001990 code [0x00007fd2ed001b60, 0x00007fd2ed001e60]
Event: 1.835 Thread 0x00007fd304158000 1194       4       java.lang.ref.Reference::<init> (25 bytes)
Event: 1.836 Thread 0x00007fd30415a800 1196       3       java.util.regex.Matcher::search (154 bytes)
Event: 1.837 Thread 0x00007fd30415a800 nmethod 1196 0x00007fd2ed001f90 code [0x00007fd2ed002180, 0x00007fd2ed002710]
Event: 1.838 Thread 0x00007fd304158000 nmethod 1194 0x00007fd2f4345310 code [0x00007fd2f43454a0, 0x00007fd2f43456b8]

GC Heap History (2 events):
Event: 0.994 GC heap before
{Heap before GC invocations=0 (full 0):
 garbage-first heap   total 96256K, used 14028K [0x00000000a5600000, 0x0000000100000000)
  region size 1024K, 14 young (14336K), 0 survivors (0K)
 Metaspace       used 3349K, capacity 6450K, committed 6656K, reserved 1056768K
  class space    used 366K, capacity 663K, committed 768K, reserved 1048576K
}
Event: 1.008 GC heap after
{Heap after GC invocations=1 (full 0):
 garbage-first heap   total 96256K, used 3724K [0x00000000a5600000, 0x0000000100000000)
  region size 1024K, 2 young (2048K), 2 survivors (2048K)
 Metaspace       used 3349K, capacity 6450K, committed 6656K, reserved 1056768K
  class space    used 366K, capacity 663K, committed 768K, reserved 1048576K
}

Deoptimization events (20 events):
Event: 1.401 Thread 0x00007fd304665800 Uncommon trap: trap_request=0xffffff4d fr.pc=0x00007fd2f433081c relative=0x00000000000002fc
Event: 1.401 Thread 0x00007fd304665800 Uncommon trap: reason=unstable_if action=reinterpret pc=0x00007fd2f433081c method=java.lang.StringUTF16.compress([CI[BII)I @ 20 c2
Event: 1.401 Thread 0x00007fd304665800 DEOPT PACKING pc=0x00007fd2f433081c sp=0x00007fd2bf9f5dc0
Event: 1.401 Thread 0x00007fd304665800 DEOPT UNPACKING pc=0x00007fd2ec867e9f sp=0x00007fd2bf9f5d60 mode 2
Event: 1.514 Thread 0x00007fd304016800 Uncommon trap: trap_request=0xffffff4d fr.pc=0x00007fd2f4332bd4 relative=0x00000000000001b4
Event: 1.514 Thread 0x00007fd304016800 Uncommon trap: reason=unstable_if action=reinterpret pc=0x00007fd2f4332bd4 method=java.lang.StringLatin1.compareTo([B[BII)I @ 14 c2
Event: 1.514 Thread 0x00007fd304016800 DEOPT PACKING pc=0x00007fd2f4332bd4 sp=0x00007fd30aff7af0
Event: 1.514 Thread 0x00007fd304016800 DEOPT UNPACKING pc=0x00007fd2ec867e9f sp=0x00007fd30aff7a98 mode 2
Event: 1.687 Thread 0x00007fd304016800 Uncommon trap: trap_request=0xffffff4d fr.pc=0x00007fd2f433dd8c relative=0x000000000000044c
Event: 1.687 Thread 0x00007fd304016800 Uncommon trap: reason=unstable_if action=reinterpret pc=0x00007fd2f433dd8c method=java.lang.String.<init>([CIILjava/lang/Void;)V @ 5 c2
Event: 1.687 Thread 0x00007fd304016800 DEOPT PACKING pc=0x00007fd2f433dd8c sp=0x00007fd30aff9d60
Event: 1.687 Thread 0x00007fd304016800 DEOPT UNPACKING pc=0x00007fd2ec867e9f sp=0x00007fd30aff9d20 mode 2
Event: 1.748 Thread 0x00007fd304016800 Uncommon trap: trap_request=0xffffff4d fr.pc=0x00007fd2f4340328 relative=0x0000000000000068
Event: 1.748 Thread 0x00007fd304016800 Uncommon trap: reason=unstable_if action=reinterpret pc=0x00007fd2f4340328 method=sun.net.www.ParseUtil.firstEncodeIndex(Ljava/lang/String;)I @ 51 c2
Event: 1.748 Thread 0x00007fd304016800 DEOPT PACKING pc=0x00007fd2f4340328 sp=0x00007fd30aff8a50
Event: 1.748 Thread 0x00007fd304016800 DEOPT UNPACKING pc=0x00007fd2ec867e9f sp=0x00007fd30aff89f8 mode 2
Event: 1.775 Thread 0x00007fd304016800 Uncommon trap: trap_request=0xffffff4d fr.pc=0x00007fd2f433a7c0 relative=0x00000000000000a0
Event: 1.775 Thread 0x00007fd304016800 Uncommon trap: reason=unstable_if action=reinterpret pc=0x00007fd2f433a7c0 method=java.lang.CharacterDataLatin1.digit(II)I @ 12 c2
Event: 1.775 Thread 0x00007fd304016800 DEOPT PACKING pc=0x00007fd2f433a7c0 sp=0x00007fd30affa430
Event: 1.775 Thread 0x00007fd304016800 DEOPT UNPACKING pc=0x00007fd2ec867e9f sp=0x00007fd30affa308 mode 2

Classes redefined (0 events):
No events

Internal exceptions (20 events):
Event: 1.244 Thread 0x00007fd304016800 Exception <a 'sun/nio/fs/UnixException'{0x00000000aacf7000}> (0x00000000aacf7000) thrown at [src/hotspot/share/prims/jni.cpp, line 617]
Event: 1.274 Thread 0x00007fd304016800 Exception <a 'java/lang/NoSuchMethodError'{0x00000000aab1e140}: 'int java.lang.invoke.DirectMethodHandle$Holder.invokeSpecialIFC(java.lang.Object, java.lang.Object, int)'> (0x00000000aab1e140) thrown at [src/hotspot/share/interpreter/linkResolver.cpp, line 773]
Event: 1.278 Thread 0x00007fd304016800 Exception <a 'sun/nio/fs/UnixException'{0x00000000aab378c0}> (0x00000000aab378c0) thrown at [src/hotspot/share/prims/jni.cpp, line 617]
Event: 1.278 Thread 0x00007fd304016800 Exception <a 'sun/nio/fs/UnixException'{0x00000000aab38370}> (0x00000000aab38370) thrown at [src/hotspot/share/prims/jni.cpp, line 617]
Event: 1.278 Thread 0x00007fd304016800 Exception <a 'sun/nio/fs/UnixException'{0x00000000aab387a8}> (0x00000000aab387a8) thrown at [src/hotspot/share/prims/jni.cpp, line 617]
Event: 1.278 Thread 0x00007fd304016800 Exception <a 'sun/nio/fs/UnixException'{0x00000000aab39618}> (0x00000000aab39618) thrown at [src/hotspot/share/prims/jni.cpp, line 617]
Event: 1.278 Thread 0x00007fd304016800 Exception <a 'sun/nio/fs/UnixException'{0x00000000aab3a0c8}> (0x00000000aab3a0c8) thrown at [src/hotspot/share/prims/jni.cpp, line 617]
Event: 1.278 Thread 0x00007fd304016800 Exception <a 'sun/nio/fs/UnixException'{0x00000000aab3a500}> (0x00000000aab3a500) thrown at [src/hotspot/share/prims/jni.cpp, line 617]
Event: 1.297 Thread 0x00007fd304016800 Exception <a 'java/lang/NoSuchMethodError'{0x00000000aabc6438}: 'int java.lang.invoke.DirectMethodHandle$Holder.invokeStaticInit(java.lang.Object, java.lang.Object)'> (0x00000000aabc6438) thrown at [src/hotspot/share/interpreter/linkResolver.cpp, line 773]
Event: 1.298 Thread 0x00007fd304016800 Exception <a 'java/lang/NoSuchMethodError'{0x00000000aabcb7e0}: 'void java.lang.invoke.DirectMethodHandle$Holder.invokeStaticInit(java.lang.Object, java.lang.Object, java.lang.Object)'> (0x00000000aabcb7e0) thrown at [src/hotspot/share/interpreter/linkResolver.cpp, line 773]
Event: 1.380 Thread 0x00007fd304665800 Exception <a 'java/lang/NoSuchMethodError'{0x00000000ab043fa0}: 'void java.lang.invoke.DirectMethodHandle$Holder.invokeSpecial(java.lang.Object, java.lang.Object, java.lang.Object, java.lang.Object, java.lang.Object, java.lang.Object)'> (0x00000000ab043fa0) thrown at [src/hotspot/share/interpreter/linkResolver.cpp, line 773]
Event: 1.449 Thread 0x00007fd304016800 Exception <a 'sun/nio/fs/UnixException'{0x00000000aa97f2b8}> (0x00000000aa97f2b8) thrown at [src/hotspot/share/prims/jni.cpp, line 617]
Event: 1.449 Thread 0x00007fd304016800 Exception <a 'sun/nio/fs/UnixException'{0x00000000aa97fd68}> (0x00000000aa97fd68) thrown at [src/hotspot/share/prims/jni.cpp, line 617]
Event: 1.449 Thread 0x00007fd304016800 Exception <a 'sun/nio/fs/UnixException'{0x00000000aa9801a0}> (0x00000000aa9801a0) thrown at [src/hotspot/share/prims/jni.cpp, line 617]
Event: 1.667 Thread 0x00007fd304016800 Exception <a 'java/lang/NoSuchMethodError'{0x00000000a9fadaa0}: 'java.lang.Object java.lang.invoke.DirectMethodHandle$Holder.invokeInterface(java.lang.Object, java.lang.Object, java.lang.Object)'> (0x00000000a9fadaa0) thrown at [src/hotspot/share/interpreter/linkResolver.cpp, line 773]
Event: 1.819 Thread 0x00007fd304016800 Exception <a 'java/lang/NoSuchMethodError'{0x00000000a9c7baa8}: 'void java.lang.invoke.DirectMethodHandle$Holder.invokeInterface(java.lang.Object, java.lang.Object)'> (0x00000000a9c7baa8) thrown at [src/hotspot/share/interpreter/linkResolver.cpp, line 773]
Event: 35.491 Thread 0x00007fd304798800 Exception <a 'java/io/IOException'{0x00000000a9b80fd8}> (0x00000000a9b80fd8) thrown at [src/hotspot/share/prims/jni.cpp, line 617]
Event: 35.491 Thread 0x00007fd304798800 Exception <a 'java/io/IOException'{0x00000000a9b81310}> (0x00000000a9b81310) thrown at [src/hotspot/share/prims/jni.cpp, line 617]
Event: 35.491 Thread 0x00007fd304798800 Exception <a 'java/io/IOException'{0x00000000a9b81618}> (0x00000000a9b81618) thrown at [src/hotspot/share/prims/jni.cpp, line 617]
Event: 35.491 Thread 0x00007fd304798800 Exception <a 'java/io/IOException'{0x00000000a9b81920}> (0x00000000a9b81920) thrown at [src/hotspot/share/prims/jni.cpp, line 617]

Events (20 events):
Event: 1.827 Executing VM operation: RevokeBias done
Event: 1.827 Executing VM operation: BulkRevokeBias
Event: 1.828 Executing VM operation: BulkRevokeBias done
Event: 1.829 Executing VM operation: RevokeBias
Event: 1.829 Executing VM operation: RevokeBias done
Event: 1.832 loading class org/xtext/ocl/web/ServerLauncher$1
Event: 1.832 loading class org/xtext/ocl/web/ServerLauncher$1 done
Event: 1.836 loading class java/nio/channels/spi/AbstractInterruptibleChannel$1
Event: 1.836 loading class java/nio/channels/spi/AbstractInterruptibleChannel$1 done
Event: 1.836 Executing VM operation: RevokeBias
Event: 1.838 Thread 0x00007fd304798800 Thread added: 0x00007fd304798800
Event: 1.841 Protecting memory [0x00007fd2bedee000,0x00007fd2bedf2000] with protection modes 0
Event: 1.842 Executing VM operation: RevokeBias done
Event: 1.843 loading class sun/nio/ch/NativeThread
Event: 1.843 Executing VM operation: RevokeBias
Event: 1.843 loading class sun/nio/ch/NativeThread done
Event: 1.844 Executing VM operation: RevokeBias done
Event: 35.492 Executing VM operation: RevokeBias
Event: 35.492 Executing VM operation: RevokeBias done
Event: 35.492 Thread 0x00007fd304798800 Thread exited: 0x00007fd304798800


Dynamic libraries:
a5600000-ab200000 rw-p 00000000 00:00 0 
ab200000-ffe00000 ---p 00000000 00:00 0 
ffe00000-ffe48000 rw-p 01117000 08:01 263412                             /usr/lib/jvm/java-11-openjdk-amd64/lib/server/classes.jsa
ffe48000-fff00000 rw-p 00000000 00:00 0 
fff00000-fff6b000 rw-p 010ac000 08:01 263412                             /usr/lib/jvm/java-11-openjdk-amd64/lib/server/classes.jsa
fff6b000-100000000 rw-p 00000000 00:00 0 
800000000-800002000 rwxp 00001000 08:01 263412                           /usr/lib/jvm/java-11-openjdk-amd64/lib/server/classes.jsa
800002000-8003cb000 rw-p 00003000 08:01 263412                           /usr/lib/jvm/java-11-openjdk-amd64/lib/server/classes.jsa
8003cb000-800a99000 r--p 003cc000 08:01 263412                           /usr/lib/jvm/java-11-openjdk-amd64/lib/server/classes.jsa
800a99000-800a9a000 rw-p 00a9a000 08:01 263412                           /usr/lib/jvm/java-11-openjdk-amd64/lib/server/classes.jsa
800a9a000-8010ab000 r--p 00a9b000 08:01 263412                           /usr/lib/jvm/java-11-openjdk-amd64/lib/server/classes.jsa
840000000-840120000 rw-p 00000000 00:00 0 
840120000-880000000 ---p 00000000 00:00 0 
56239323c000-56239323d000 r--p 00000000 08:01 2898925                    /usr/lib/jvm/java-11-openjdk-amd64/bin/java
56239323d000-56239323e000 r-xp 00001000 08:01 2898925                    /usr/lib/jvm/java-11-openjdk-amd64/bin/java
56239323e000-56239323f000 r--p 00002000 08:01 2898925                    /usr/lib/jvm/java-11-openjdk-amd64/bin/java
56239323f000-562393240000 r--p 00002000 08:01 2898925                    /usr/lib/jvm/java-11-openjdk-amd64/bin/java
562393240000-562393241000 rw-p 00003000 08:01 2898925                    /usr/lib/jvm/java-11-openjdk-amd64/bin/java
5623945df000-562394622000 rw-p 00000000 00:00 0                          [heap]
7fd278000000-7fd278021000 rw-p 00000000 00:00 0 
7fd278021000-7fd27c000000 ---p 00000000 00:00 0 
7fd280000000-7fd280021000 rw-p 00000000 00:00 0 
7fd280021000-7fd284000000 ---p 00000000 00:00 0 
7fd284000000-7fd284021000 rw-p 00000000 00:00 0 
7fd284021000-7fd288000000 ---p 00000000 00:00 0 
7fd288000000-7fd288021000 rw-p 00000000 00:00 0 
7fd288021000-7fd28c000000 ---p 00000000 00:00 0 
7fd28c000000-7fd28c021000 rw-p 00000000 00:00 0 
7fd28c021000-7fd290000000 ---p 00000000 00:00 0 
7fd290000000-7fd290021000 rw-p 00000000 00:00 0 
7fd290021000-7fd294000000 ---p 00000000 00:00 0 
7fd294000000-7fd294021000 rw-p 00000000 00:00 0 
7fd294021000-7fd298000000 ---p 00000000 00:00 0 
7fd298000000-7fd298021000 rw-p 00000000 00:00 0 
7fd298021000-7fd29c000000 ---p 00000000 00:00 0 
7fd29c000000-7fd29c021000 rw-p 00000000 00:00 0 
7fd29c021000-7fd2a0000000 ---p 00000000 00:00 0 
7fd2a0000000-7fd2a0021000 rw-p 00000000 00:00 0 
7fd2a0021000-7fd2a4000000 ---p 00000000 00:00 0 
7fd2a4000000-7fd2a40d5000 rw-p 00000000 00:00 0 
7fd2a40d5000-7fd2a8000000 ---p 00000000 00:00 0 
7fd2a8000000-7fd2a8021000 rw-p 00000000 00:00 0 
7fd2a8021000-7fd2ac000000 ---p 00000000 00:00 0 
7fd2ac000000-7fd2ac021000 rw-p 00000000 00:00 0 
7fd2ac021000-7fd2b0000000 ---p 00000000 00:00 0 
7fd2b0000000-7fd2b031c000 rw-p 00000000 00:00 0 
7fd2b031c000-7fd2b4000000 ---p 00000000 00:00 0 
7fd2b4000000-7fd2b4021000 rw-p 00000000 00:00 0 
7fd2b4021000-7fd2b8000000 ---p 00000000 00:00 0 
7fd2b8000000-7fd2b8436000 rw-p 00000000 00:00 0 
7fd2b8436000-7fd2bc000000 ---p 00000000 00:00 0 
7fd2bedee000-7fd2bedf2000 ---p 00000000 00:00 0 
7fd2bedf2000-7fd2bef6f000 rw-p 00000000 00:00 0 
7fd2bef6f000-7fd2bf0ef000 ---p 00000000 00:00 0 
7fd2bf0ef000-7fd2bf0f3000 ---p 00000000 00:00 0 
7fd2bf0f3000-7fd2bf1f0000 rw-p 00000000 00:00 0 
7fd2bf1f0000-7fd2bf1f4000 ---p 00000000 00:00 0 
7fd2bf1f4000-7fd2bf2f1000 rw-p 00000000 00:00 0 
7fd2bf2f1000-7fd2bf2f5000 ---p 00000000 00:00 0 
7fd2bf2f5000-7fd2bf3f2000 rw-p 00000000 00:00 0 
7fd2bf3f2000-7fd2bf3f6000 ---p 00000000 00:00 0 
7fd2bf3f6000-7fd2bf4f3000 rw-p 00000000 00:00 0 
7fd2bf4f3000-7fd2bf4f7000 ---p 00000000 00:00 0 
7fd2bf4f7000-7fd2bf5f4000 rw-p 00000000 00:00 0 
7fd2bf5f4000-7fd2bf5f8000 ---p 00000000 00:00 0 
7fd2bf5f8000-7fd2bf6f5000 rw-p 00000000 00:00 0 
7fd2bf6f5000-7fd2bf6f9000 ---p 00000000 00:00 0 
7fd2bf6f9000-7fd2bf7f6000 rw-p 00000000 00:00 0 
7fd2bf7f6000-7fd2bf7fa000 ---p 00000000 00:00 0 
7fd2bf7fa000-7fd2bf8f7000 rw-p 00000000 00:00 0 
7fd2bf8f7000-7fd2bf8fb000 ---p 00000000 00:00 0 
7fd2bf8fb000-7fd2bf9f8000 rw-p 00000000 00:00 0 
7fd2bf9f8000-7fd2bf9f9000 ---p 00000000 00:00 0 
7fd2bf9f9000-7fd2bfafa000 rw-p 00000000 00:00 0 
7fd2bfafa000-7fd2bfafe000 ---p 00000000 00:00 0 
7fd2bfafe000-7fd2bfbfb000 rw-p 00000000 00:00 0 
7fd2bfbfb000-7fd2bfbfc000 ---p 00000000 00:00 0 
7fd2bfbfc000-7fd2bfcfd000 rw-p 00000000 00:00 0 
7fd2bfcfd000-7fd2bfd01000 ---p 00000000 00:00 0 
7fd2bfd01000-7fd2bfdfe000 rw-p 00000000 00:00 0 
7fd2bfdfe000-7fd2bfe02000 ---p 00000000 00:00 0 
7fd2bfe02000-7fd2bfeff000 rw-p 00000000 00:00 0 
7fd2bfeff000-7fd2bff03000 ---p 00000000 00:00 0 
7fd2bff03000-7fd2c0000000 rw-p 00000000 00:00 0 
7fd2c0000000-7fd2c0021000 rw-p 00000000 00:00 0 
7fd2c0021000-7fd2c4000000 ---p 00000000 00:00 0 
7fd2c4000000-7fd2c4021000 rw-p 00000000 00:00 0 
7fd2c4021000-7fd2c8000000 ---p 00000000 00:00 0 
7fd2c8000000-7fd2c8021000 rw-p 00000000 00:00 0 
7fd2c8021000-7fd2cc000000 ---p 00000000 00:00 0 
7fd2cc000000-7fd2cc021000 rw-p 00000000 00:00 0 
7fd2cc021000-7fd2d0000000 ---p 00000000 00:00 0 
7fd2d0000000-7fd2d0021000 rw-p 00000000 00:00 0 
7fd2d0021000-7fd2d4000000 ---p 00000000 00:00 0 
7fd2d4000000-7fd2d4021000 rw-p 00000000 00:00 0 
7fd2d4021000-7fd2d8000000 ---p 00000000 00:00 0 
7fd2d8000000-7fd2d8021000 rw-p 00000000 00:00 0 
7fd2d8021000-7fd2dc000000 ---p 00000000 00:00 0 
7fd2dc000000-7fd2dc021000 rw-p 00000000 00:00 0 
7fd2dc021000-7fd2e0000000 ---p 00000000 00:00 0 
7fd2e0000000-7fd2e0021000 rw-p 00000000 00:00 0 
7fd2e0021000-7fd2e4000000 ---p 00000000 00:00 0 
7fd2e4091000-7fd2e4095000 ---p 00000000 00:00 0 
7fd2e4095000-7fd2e4192000 rw-p 00000000 00:00 0 
7fd2e4192000-7fd2e4196000 ---p 00000000 00:00 0 
7fd2e4196000-7fd2e4293000 rw-p 00000000 00:00 0 
7fd2e4293000-7fd2e4578000 r--p 00000000 08:01 2883878                    /usr/lib/locale/locale-archive
7fd2e4578000-7fd2e457c000 ---p 00000000 00:00 0 
7fd2e457c000-7fd2e4679000 rw-p 00000000 00:00 0 
7fd2e4679000-7fd2e467d000 ---p 00000000 00:00 0 
7fd2e467d000-7fd2e477a000 rw-p 00000000 00:00 0 
7fd2e477a000-7fd2e477b000 ---p 00000000 00:00 0 
7fd2e477b000-7fd2e6ac8000 rw-p 00000000 00:00 0 
7fd2e6ac8000-7fd2e7ff8000 ---p 00000000 00:00 0 
7fd2e7ff8000-7fd2e8000000 rw-p 00000000 00:00 0 
7fd2e8000000-7fd2e8021000 rw-p 00000000 00:00 0 
7fd2e8021000-7fd2ec000000 ---p 00000000 00:00 0 
7fd2ec01e000-7fd2ec81e000 rw-p 00000000 00:00 0 
7fd2ec81e000-7fd2eca8e000 rwxp 00000000 00:00 0 
7fd2eca8e000-7fd2ecdae000 ---p 00000000 00:00 0 
7fd2ecdae000-7fd2ed01e000 rwxp 00000000 00:00 0 
7fd2ed01e000-7fd2f42e6000 ---p 00000000 00:00 0 
7fd2f42e6000-7fd2f4556000 rwxp 00000000 00:00 0 
7fd2f4556000-7fd2fb81e000 ---p 00000000 00:00 0 
7fd2fb81e000-7fd304000000 r--s 00000000 08:01 2903639                    /usr/lib/jvm/java-11-openjdk-amd64/lib/modules
7fd304000000-7fd30479c000 rw-p 00000000 00:00 0 
7fd30479c000-7fd308000000 ---p 00000000 00:00 0 
7fd30800b000-7fd308012000 r--s 00000000 08:01 2939722                    /usr/lib/x86_64-linux-gnu/gconv/gconv-modules.cache
7fd308012000-7fd308014000 r--p 00000000 08:01 2903585                    /usr/lib/jvm/java-11-openjdk-amd64/lib/libmanagement_ext.so
7fd308014000-7fd308017000 r-xp 00002000 08:01 2903585                    /usr/lib/jvm/java-11-openjdk-amd64/lib/libmanagement_ext.so
7fd308017000-7fd308019000 r--p 00005000 08:01 2903585                    /usr/lib/jvm/java-11-openjdk-amd64/lib/libmanagement_ext.so
7fd308019000-7fd30801a000 r--p 00006000 08:01 2903585                    /usr/lib/jvm/java-11-openjdk-amd64/lib/libmanagement_ext.so
7fd30801a000-7fd30801b000 rw-p 00007000 08:01 2903585                    /usr/lib/jvm/java-11-openjdk-amd64/lib/libmanagement_ext.so
7fd30801b000-7fd30801e000 r--p 00000000 08:01 2903581                    /usr/lib/jvm/java-11-openjdk-amd64/lib/libmanagement.so
7fd30801e000-7fd30801f000 r-xp 00003000 08:01 2903581                    /usr/lib/jvm/java-11-openjdk-amd64/lib/libmanagement.so
7fd30801f000-7fd308020000 r--p 00004000 08:01 2903581                    /usr/lib/jvm/java-11-openjdk-amd64/lib/libmanagement.so
7fd308020000-7fd308021000 r--p 00004000 08:01 2903581                    /usr/lib/jvm/java-11-openjdk-amd64/lib/libmanagement.so
7fd308021000-7fd308022000 rw-p 00005000 08:01 2903581                    /usr/lib/jvm/java-11-openjdk-amd64/lib/libmanagement.so
7fd308022000-7fd308026000 r--p 00000000 08:01 2903593                    /usr/lib/jvm/java-11-openjdk-amd64/lib/libnet.so
7fd308026000-7fd308034000 r-xp 00004000 08:01 2903593                    /usr/lib/jvm/java-11-openjdk-amd64/lib/libnet.so
7fd308034000-7fd308038000 r--p 00012000 08:01 2903593                    /usr/lib/jvm/java-11-openjdk-amd64/lib/libnet.so
7fd308038000-7fd308039000 r--p 00015000 08:01 2903593                    /usr/lib/jvm/java-11-openjdk-amd64/lib/libnet.so
7fd308039000-7fd30803a000 rw-p 00016000 08:01 2903593                    /usr/lib/jvm/java-11-openjdk-amd64/lib/libnet.so
7fd30803a000-7fd308041000 r--p 00000000 08:01 2903605                    /usr/lib/jvm/java-11-openjdk-amd64/lib/libnio.so
7fd308041000-7fd308048000 r-xp 00007000 08:01 2903605                    /usr/lib/jvm/java-11-openjdk-amd64/lib/libnio.so
7fd308048000-7fd30804b000 r--p 0000e000 08:01 2903605                    /usr/lib/jvm/java-11-openjdk-amd64/lib/libnio.so
7fd30804b000-7fd30804c000 r--p 00010000 08:01 2903605                    /usr/lib/jvm/java-11-openjdk-amd64/lib/libnio.so
7fd30804c000-7fd30804d000 rw-p 00011000 08:01 2903605                    /usr/lib/jvm/java-11-openjdk-amd64/lib/libnio.so
7fd30804d000-7fd30804e000 ---p 00000000 00:00 0 
7fd30804e000-7fd30814f000 rw-p 00000000 00:00 0 
7fd30814f000-7fd308150000 ---p 00000000 00:00 0 
7fd308150000-7fd308655000 rw-p 00000000 00:00 0 
7fd308655000-7fd308656000 ---p 00000000 00:00 0 
7fd308656000-7fd308757000 rw-p 00000000 00:00 0 
7fd308757000-7fd308758000 ---p 00000000 00:00 0 
7fd308758000-7fd3089fa000 rw-p 00000000 00:00 0 
7fd3089fa000-7fd309f2a000 ---p 00000000 00:00 0 
7fd309f2a000-7fd309f60000 rw-p 00000000 00:00 0 
7fd309f60000-7fd30a206000 ---p 00000000 00:00 0 
7fd30a206000-7fd30a235000 rw-p 00000000 00:00 0 
7fd30a235000-7fd30a4db000 ---p 00000000 00:00 0 
7fd30a4db000-7fd30a50a000 rw-p 00000000 00:00 0 
7fd30a50a000-7fd30a7b0000 ---p 00000000 00:00 0 
7fd30a7b0000-7fd30abb5000 rw-p 00000000 00:00 0 
7fd30abb5000-7fd30abb6000 ---p 00000000 00:00 0 
7fd30abb6000-7fd30acbc000 rw-p 00000000 00:00 0 
7fd30acbc000-7fd30ada2000 ---p 00000000 00:00 0 
7fd30ada2000-7fd30ada7000 rw-p 00000000 00:00 0 
7fd30ada7000-7fd30ae8d000 ---p 00000000 00:00 0 
7fd30ae8d000-7fd30ae90000 r--p 00000000 08:01 2931993                    /usr/lib/x86_64-linux-gnu/libnss_files-2.28.so
7fd30ae90000-7fd30ae97000 r-xp 00003000 08:01 2931993                    /usr/lib/x86_64-linux-gnu/libnss_files-2.28.so
7fd30ae97000-7fd30ae99000 r--p 0000a000 08:01 2931993                    /usr/lib/x86_64-linux-gnu/libnss_files-2.28.so
7fd30ae99000-7fd30ae9a000 ---p 0000c000 08:01 2931993                    /usr/lib/x86_64-linux-gnu/libnss_files-2.28.so
7fd30ae9a000-7fd30ae9b000 r--p 0000c000 08:01 2931993                    /usr/lib/x86_64-linux-gnu/libnss_files-2.28.so
7fd30ae9b000-7fd30ae9c000 rw-p 0000d000 08:01 2931993                    /usr/lib/x86_64-linux-gnu/libnss_files-2.28.so
7fd30ae9c000-7fd30aea2000 rw-p 00000000 00:00 0 
7fd30aea6000-7fd30aeab000 rw-p 00000000 00:00 0 
7fd30aeab000-7fd30aeb2000 ---p 00000000 00:00 0 
7fd30aeb2000-7fd30aeb4000 r--p 00000000 08:01 2903637                    /usr/lib/jvm/java-11-openjdk-amd64/lib/libzip.so
7fd30aeb4000-7fd30aeb8000 r-xp 00002000 08:01 2903637                    /usr/lib/jvm/java-11-openjdk-amd64/lib/libzip.so
7fd30aeb8000-7fd30aeba000 r--p 00006000 08:01 2903637                    /usr/lib/jvm/java-11-openjdk-amd64/lib/libzip.so
7fd30aeba000-7fd30aebb000 r--p 00007000 08:01 2903637                    /usr/lib/jvm/java-11-openjdk-amd64/lib/libzip.so
7fd30aebb000-7fd30aebc000 rw-p 00008000 08:01 2903637                    /usr/lib/jvm/java-11-openjdk-amd64/lib/libzip.so
7fd30aebc000-7fd30aec4000 rw-s 00000000 08:01 917857                     /tmp/hsperfdata_giorthanos/24919
7fd30aec4000-7fd30aed2000 r--p 00000000 08:01 2902039                    /usr/lib/jvm/java-11-openjdk-amd64/lib/libjava.so
7fd30aed2000-7fd30aee7000 r-xp 0000e000 08:01 2902039                    /usr/lib/jvm/java-11-openjdk-amd64/lib/libjava.so
7fd30aee7000-7fd30aeee000 r--p 00023000 08:01 2902039                    /usr/lib/jvm/java-11-openjdk-amd64/lib/libjava.so
7fd30aeee000-7fd30aeef000 r--p 00029000 08:01 2902039                    /usr/lib/jvm/java-11-openjdk-amd64/lib/libjava.so
7fd30aeef000-7fd30aef0000 rw-p 0002a000 08:01 2902039                    /usr/lib/jvm/java-11-openjdk-amd64/lib/libjava.so
7fd30aef0000-7fd30aef1000 rw-p 00000000 00:00 0 
7fd30aef1000-7fd30aef3000 r--p 00000000 08:01 2932000                    /usr/lib/x86_64-linux-gnu/librt-2.28.so
7fd30aef3000-7fd30aef7000 r-xp 00002000 08:01 2932000                    /usr/lib/x86_64-linux-gnu/librt-2.28.so
7fd30aef7000-7fd30aef9000 r--p 00006000 08:01 2932000                    /usr/lib/x86_64-linux-gnu/librt-2.28.so
7fd30aef9000-7fd30aefa000 r--p 00007000 08:01 2932000                    /usr/lib/x86_64-linux-gnu/librt-2.28.so
7fd30aefa000-7fd30aefb000 rw-p 00008000 08:01 2932000                    /usr/lib/x86_64-linux-gnu/librt-2.28.so
7fd30aefb000-7fd30aeff000 ---p 00000000 00:00 0 
7fd30aeff000-7fd30affc000 rw-p 00000000 00:00 0 
7fd30affc000-7fd30afff000 r--p 00000000 08:01 2883598                    /usr/lib/x86_64-linux-gnu/libgcc_s.so.1
7fd30afff000-7fd30b010000 r-xp 00003000 08:01 2883598                    /usr/lib/x86_64-linux-gnu/libgcc_s.so.1
7fd30b010000-7fd30b013000 r--p 00014000 08:01 2883598                    /usr/lib/x86_64-linux-gnu/libgcc_s.so.1
7fd30b013000-7fd30b014000 ---p 00017000 08:01 2883598                    /usr/lib/x86_64-linux-gnu/libgcc_s.so.1
7fd30b014000-7fd30b015000 r--p 00017000 08:01 2883598                    /usr/lib/x86_64-linux-gnu/libgcc_s.so.1
7fd30b015000-7fd30b016000 rw-p 00018000 08:01 2883598                    /usr/lib/x86_64-linux-gnu/libgcc_s.so.1
7fd30b016000-7fd30b023000 r--p 00000000 08:01 2931978                    /usr/lib/x86_64-linux-gnu/libm-2.28.so
7fd30b023000-7fd30b0c2000 r-xp 0000d000 08:01 2931978                    /usr/lib/x86_64-linux-gnu/libm-2.28.so
7fd30b0c2000-7fd30b197000 r--p 000ac000 08:01 2931978                    /usr/lib/x86_64-linux-gnu/libm-2.28.so
7fd30b197000-7fd30b198000 r--p 00180000 08:01 2931978                    /usr/lib/x86_64-linux-gnu/libm-2.28.so
7fd30b198000-7fd30b199000 rw-p 00181000 08:01 2931978                    /usr/lib/x86_64-linux-gnu/libm-2.28.so
7fd30b199000-7fd30b222000 r--p 00000000 08:01 2883874                    /usr/lib/x86_64-linux-gnu/libstdc++.so.6.0.25
7fd30b222000-7fd30b2ce000 r-xp 00089000 08:01 2883874                    /usr/lib/x86_64-linux-gnu/libstdc++.so.6.0.25
7fd30b2ce000-7fd30b30c000 r--p 00135000 08:01 2883874                    /usr/lib/x86_64-linux-gnu/libstdc++.so.6.0.25
7fd30b30c000-7fd30b30d000 ---p 00173000 08:01 2883874                    /usr/lib/x86_64-linux-gnu/libstdc++.so.6.0.25
7fd30b30d000-7fd30b317000 r--p 00173000 08:01 2883874                    /usr/lib/x86_64-linux-gnu/libstdc++.so.6.0.25
7fd30b317000-7fd30b319000 rw-p 0017d000 08:01 2883874                    /usr/lib/x86_64-linux-gnu/libstdc++.so.6.0.25
7fd30b319000-7fd30b31d000 rw-p 00000000 00:00 0 
7fd30b31d000-7fd30b59f000 r--p 00000000 08:01 271669                     /usr/lib/jvm/java-11-openjdk-amd64/lib/server/libjvm.so
7fd30b59f000-7fd30c1be000 r-xp 00282000 08:01 271669                     /usr/lib/jvm/java-11-openjdk-amd64/lib/server/libjvm.so
7fd30c1be000-7fd30c41a000 r--p 00ea1000 08:01 271669                     /usr/lib/jvm/java-11-openjdk-amd64/lib/server/libjvm.so
7fd30c41a000-7fd30c4de000 r--p 010fc000 08:01 271669                     /usr/lib/jvm/java-11-openjdk-amd64/lib/server/libjvm.so
7fd30c4de000-7fd30c519000 rw-p 011c0000 08:01 271669                     /usr/lib/jvm/java-11-openjdk-amd64/lib/server/libjvm.so
7fd30c519000-7fd30c572000 rw-p 00000000 00:00 0 
7fd30c572000-7fd30c594000 r--p 00000000 08:01 2931975                    /usr/lib/x86_64-linux-gnu/libc-2.28.so
7fd30c594000-7fd30c6db000 r-xp 00022000 08:01 2931975                    /usr/lib/x86_64-linux-gnu/libc-2.28.so
7fd30c6db000-7fd30c727000 r--p 00169000 08:01 2931975                    /usr/lib/x86_64-linux-gnu/libc-2.28.so
7fd30c727000-7fd30c728000 ---p 001b5000 08:01 2931975                    /usr/lib/x86_64-linux-gnu/libc-2.28.so
7fd30c728000-7fd30c72c000 r--p 001b5000 08:01 2931975                    /usr/lib/x86_64-linux-gnu/libc-2.28.so
7fd30c72c000-7fd30c72e000 rw-p 001b9000 08:01 2931975                    /usr/lib/x86_64-linux-gnu/libc-2.28.so
7fd30c72e000-7fd30c732000 rw-p 00000000 00:00 0 
7fd30c732000-7fd30c733000 r--p 00000000 08:01 2931977                    /usr/lib/x86_64-linux-gnu/libdl-2.28.so
7fd30c733000-7fd30c734000 r-xp 00001000 08:01 2931977                    /usr/lib/x86_64-linux-gnu/libdl-2.28.so
7fd30c734000-7fd30c735000 r--p 00002000 08:01 2931977                    /usr/lib/x86_64-linux-gnu/libdl-2.28.so
7fd30c735000-7fd30c736000 r--p 00002000 08:01 2931977                    /usr/lib/x86_64-linux-gnu/libdl-2.28.so
7fd30c736000-7fd30c737000 rw-p 00003000 08:01 2931977                    /usr/lib/x86_64-linux-gnu/libdl-2.28.so
7fd30c737000-7fd30c73a000 r--p 00000000 08:01 3039093                    /usr/lib/jvm/java-11-openjdk-amd64/lib/jli/libjli.so
7fd30c73a000-7fd30c744000 r-xp 00003000 08:01 3039093                    /usr/lib/jvm/java-11-openjdk-amd64/lib/jli/libjli.so
7fd30c744000-7fd30c747000 r--p 0000d000 08:01 3039093                    /usr/lib/jvm/java-11-openjdk-amd64/lib/jli/libjli.so
7fd30c747000-7fd30c748000 ---p 00010000 08:01 3039093                    /usr/lib/jvm/java-11-openjdk-amd64/lib/jli/libjli.so
7fd30c748000-7fd30c749000 r--p 00010000 08:01 3039093                    /usr/lib/jvm/java-11-openjdk-amd64/lib/jli/libjli.so
7fd30c749000-7fd30c74a000 rw-p 00011000 08:01 3039093                    /usr/lib/jvm/java-11-openjdk-amd64/lib/jli/libjli.so
7fd30c74a000-7fd30c750000 r--p 00000000 08:01 2931998                    /usr/lib/x86_64-linux-gnu/libpthread-2.28.so
7fd30c750000-7fd30c75f000 r-xp 00006000 08:01 2931998                    /usr/lib/x86_64-linux-gnu/libpthread-2.28.so
7fd30c75f000-7fd30c765000 r--p 00015000 08:01 2931998                    /usr/lib/x86_64-linux-gnu/libpthread-2.28.so
7fd30c765000-7fd30c766000 r--p 0001a000 08:01 2931998                    /usr/lib/x86_64-linux-gnu/libpthread-2.28.so
7fd30c766000-7fd30c767000 rw-p 0001b000 08:01 2931998                    /usr/lib/x86_64-linux-gnu/libpthread-2.28.so
7fd30c767000-7fd30c76b000 rw-p 00000000 00:00 0 
7fd30c76b000-7fd30c76e000 r--p 00000000 08:01 2884312                    /usr/lib/x86_64-linux-gnu/libz.so.1.2.11
7fd30c76e000-7fd30c780000 r-xp 00003000 08:01 2884312                    /usr/lib/x86_64-linux-gnu/libz.so.1.2.11
7fd30c780000-7fd30c786000 r--p 00015000 08:01 2884312                    /usr/lib/x86_64-linux-gnu/libz.so.1.2.11
7fd30c786000-7fd30c787000 ---p 0001b000 08:01 2884312                    /usr/lib/x86_64-linux-gnu/libz.so.1.2.11
7fd30c787000-7fd30c788000 r--p 0001b000 08:01 2884312                    /usr/lib/x86_64-linux-gnu/libz.so.1.2.11
7fd30c788000-7fd30c789000 rw-p 0001c000 08:01 2884312                    /usr/lib/x86_64-linux-gnu/libz.so.1.2.11
7fd30c789000-7fd30c78b000 rw-p 00000000 00:00 0 
7fd30c78b000-7fd30c78c000 r--p 00000000 08:01 2902023                    /usr/lib/jvm/java-11-openjdk-amd64/lib/libextnet.so
7fd30c78c000-7fd30c78d000 r-xp 00001000 08:01 2902023                    /usr/lib/jvm/java-11-openjdk-amd64/lib/libextnet.so
7fd30c78d000-7fd30c78e000 r--p 00002000 08:01 2902023                    /usr/lib/jvm/java-11-openjdk-amd64/lib/libextnet.so
7fd30c78e000-7fd30c78f000 r--p 00002000 08:01 2902023                    /usr/lib/jvm/java-11-openjdk-amd64/lib/libextnet.so
7fd30c78f000-7fd30c790000 rw-p 00003000 08:01 2902023                    /usr/lib/jvm/java-11-openjdk-amd64/lib/libextnet.so
7fd30c790000-7fd30c791000 r--s 00008000 08:01 262156                     /usr/share/java/java-atk-wrapper.jar
7fd30c791000-7fd30c792000 ---p 00000000 00:00 0 
7fd30c792000-7fd30c793000 r--p 00000000 00:00 0 
7fd30c793000-7fd30c795000 r--p 00000000 08:01 2902046                    /usr/lib/jvm/java-11-openjdk-amd64/lib/libjimage.so
7fd30c795000-7fd30c798000 r-xp 00002000 08:01 2902046                    /usr/lib/jvm/java-11-openjdk-amd64/lib/libjimage.so
7fd30c798000-7fd30c799000 r--p 00005000 08:01 2902046                    /usr/lib/jvm/java-11-openjdk-amd64/lib/libjimage.so
7fd30c799000-7fd30c79a000 ---p 00006000 08:01 2902046                    /usr/lib/jvm/java-11-openjdk-amd64/lib/libjimage.so
7fd30c79a000-7fd30c79b000 r--p 00006000 08:01 2902046                    /usr/lib/jvm/java-11-openjdk-amd64/lib/libjimage.so
7fd30c79b000-7fd30c79c000 rw-p 00007000 08:01 2902046                    /usr/lib/jvm/java-11-openjdk-amd64/lib/libjimage.so
7fd30c79c000-7fd30c7a1000 r--p 00000000 08:01 2903631                    /usr/lib/jvm/java-11-openjdk-amd64/lib/libverify.so
7fd30c7a1000-7fd30c7a8000 r-xp 00005000 08:01 2903631                    /usr/lib/jvm/java-11-openjdk-amd64/lib/libverify.so
7fd30c7a8000-7fd30c7aa000 r--p 0000c000 08:01 2903631                    /usr/lib/jvm/java-11-openjdk-amd64/lib/libverify.so
7fd30c7aa000-7fd30c7ac000 r--p 0000d000 08:01 2903631                    /usr/lib/jvm/java-11-openjdk-amd64/lib/libverify.so
7fd30c7ac000-7fd30c7ad000 rw-p 0000f000 08:01 2903631                    /usr/lib/jvm/java-11-openjdk-amd64/lib/libverify.so
7fd30c7ad000-7fd30c7ae000 r--p 00000000 08:01 2931971                    /usr/lib/x86_64-linux-gnu/ld-2.28.so
7fd30c7ae000-7fd30c7cc000 r-xp 00001000 08:01 2931971                    /usr/lib/x86_64-linux-gnu/ld-2.28.so
7fd30c7cc000-7fd30c7d4000 r--p 0001f000 08:01 2931971                    /usr/lib/x86_64-linux-gnu/ld-2.28.so
7fd30c7d4000-7fd30c7d5000 r--p 00026000 08:01 2931971                    /usr/lib/x86_64-linux-gnu/ld-2.28.so
7fd30c7d5000-7fd30c7d6000 rw-p 00027000 08:01 2931971                    /usr/lib/x86_64-linux-gnu/ld-2.28.so
7fd30c7d6000-7fd30c7d7000 rw-p 00000000 00:00 0 
7fff9e300000-7fff9e322000 rw-p 00000000 00:00 0                          [stack]
7fff9e3a8000-7fff9e3ab000 r--p 00000000 00:00 0                          [vvar]
7fff9e3ab000-7fff9e3ad000 r-xp 00000000 00:00 0                          [vdso]


VM Arguments:
java_command: /home/giorthanos/Desktop/ocl-backend/language_server/language_server.jar
java_class_path (initial): /home/giorthanos/Desktop/ocl-backend/language_server/language_server.jar
Launcher Type: SUN_STANDARD

[Global flags]
     intx CICompilerCount                          = 3                                         {product} {ergonomic}
     uint ConcGCThreads                            = 1                                         {product} {ergonomic}
     uint G1ConcRefinementThreads                  = 4                                         {product} {ergonomic}
   size_t G1HeapRegionSize                         = 1048576                                   {product} {ergonomic}
    uintx GCDrainStackTargetSize                   = 64                                        {product} {ergonomic}
   size_t InitialHeapSize                          = 96468992                                  {product} {ergonomic}
   size_t MarkStackSize                            = 4194304                                   {product} {ergonomic}
   size_t MaxHeapSize                              = 1520435200                                {product} {ergonomic}
   size_t MaxNewSize                               = 912261120                                 {product} {ergonomic}
   size_t MinHeapDeltaBytes                        = 1048576                                   {product} {ergonomic}
    uintx NonNMethodCodeHeapSize                   = 5830732                                {pd product} {ergonomic}
    uintx NonProfiledCodeHeapSize                  = 122913754                              {pd product} {ergonomic}
    uintx ProfiledCodeHeapSize                     = 122913754                              {pd product} {ergonomic}
    uintx ReservedCodeCacheSize                    = 251658240                              {pd product} {ergonomic}
     bool SegmentedCodeCache                       = true                                      {product} {ergonomic}
     bool UseCompressedClassPointers               = true                                 {lp64_product} {ergonomic}
     bool UseCompressedOops                        = true                                 {lp64_product} {ergonomic}
     bool UseG1GC                                  = true                                      {product} {ergonomic}

Logging:
Log output configuration:
 #0: stdout all=warning uptime,level,tags
 #1: stderr all=off uptime,level,tags

Environment Variables:
PATH=/home/giorthanos/Desktop/ocl-backend/node_modules/.bin:/home/giorthanos/Desktop/ocl-backend/node_modules/.bin:/home/giorthanos/Desktop/node_modules/.bin:/home/giorthanos/node_modules/.bin:/home/node_modules/.bin:/node_modules/.bin:/usr/lib/node_modules/npm/node_modules/@npmcli/run-script/lib/node-gyp-bin:/home/giorthanos/.local/bin:/usr/local/bin:/usr/bin:/bin:/usr/local/games:/usr/games:/snap/bin:/home/giorthanos/Desktop/ocl-backend/node_modules/.bin
SHELL=/bin/bash
DISPLAY=:0
LANG=en_US.UTF-8

Signal Handlers:
SIGSEGV: [libjvm.so+0xe2d710], sa_mask[0]=11111111011111111101111111111110, sa_flags=SA_RESTART|SA_SIGINFO
SIGBUS: [libjvm.so+0xe2d710], sa_mask[0]=11111111011111111101111111111110, sa_flags=SA_RESTART|SA_SIGINFO
SIGFPE: [libjvm.so+0xe2d710], sa_mask[0]=11111111011111111101111111111110, sa_flags=SA_RESTART|SA_SIGINFO
SIGPIPE: [libjvm.so+0xb830d0], sa_mask[0]=11111111011111111101111111111110, sa_flags=SA_RESTART|SA_SIGINFO
SIGXFSZ: [libjvm.so+0xb830d0], sa_mask[0]=11111111011111111101111111111110, sa_flags=SA_RESTART|SA_SIGINFO
SIGILL: [libjvm.so+0xe2d710], sa_mask[0]=11111111011111111101111111111110, sa_flags=SA_RESTART|SA_SIGINFO
SIGUSR2: [libjvm.so+0xb82f60], sa_mask[0]=00000000000000000000000000000000, sa_flags=SA_RESTART|SA_SIGINFO
SIGHUP: [libjvm.so+0xb83420], sa_mask[0]=11111111011111111101111111111110, sa_flags=SA_RESTART|SA_SIGINFO
SIGINT: [libjvm.so+0xb83420], sa_mask[0]=11111111011111111101111111111110, sa_flags=SA_RESTART|SA_SIGINFO
SIGTERM: [libjvm.so+0xb83420], sa_mask[0]=11111111011111111101111111111110, sa_flags=SA_RESTART|SA_SIGINFO
SIGQUIT: [libjvm.so+0xb83420], sa_mask[0]=11111111011111111101111111111110, sa_flags=SA_RESTART|SA_SIGINFO


---------------  S Y S T E M  ---------------

OS:PRETTY_NAME="Debian GNU/Linux 10 (buster)"
NAME="Debian GNU/Linux"
VERSION_ID="10"
VERSION="10 (buster)"
VERSION_CODENAME=buster
ID=debian
HOME_URL="https://www.debian.org/"
SUPPORT_URL="https://www.debian.org/support"
BUG_REPORT_URL="https://bugs.debian.org/"
uname:Linux 4.19.0-18-amd64 #1 SMP Debian 4.19.208-1 (2021-09-29) x86_64
OS uptime: 0 days 1:18 hours
libc:glibc 2.28 NPTL 2.28 
rlimit (soft/hard): STACK 8192k/infinity , CORE 0k/infinity , NPROC 23034/23034 , NOFILE 1048576/1048576 , AS infinity/infinity , CPU infinity/infinity , DATA infinity/infinity , FSIZE infinity/infinity , MEMLOCK 65536k/65536k
load average:2.79 3.00 2.41

/proc/meminfo:
MemTotal:        5936684 kB
MemFree:          142836 kB
MemAvailable:    1182528 kB
Buffers:          235516 kB
Cached:          1063312 kB
SwapCached:        39692 kB
Active:          3558608 kB
Inactive:        1386096 kB
Active(anon):    2990404 kB
Inactive(anon):   868656 kB
Active(file):     568204 kB
Inactive(file):   517440 kB
Unevictable:          48 kB
Mlocked:              48 kB
SwapTotal:        998396 kB
SwapFree:         655356 kB
Dirty:             13356 kB
Writeback:             0 kB
AnonPages:       3599048 kB
Mapped:           651212 kB
Shmem:            213156 kB
Slab:             399252 kB
SReclaimable:     250796 kB
SUnreclaim:       148456 kB
KernelStack:       15256 kB
PageTables:        42268 kB
NFS_Unstable:          0 kB
Bounce:                0 kB
WritebackTmp:          0 kB
CommitLimit:     3966736 kB
Committed_AS:    9405400 kB
VmallocTotal:   34359738367 kB
VmallocUsed:           0 kB
VmallocChunk:          0 kB
Percpu:            67584 kB
HardwareCorrupted:     0 kB
AnonHugePages:    677888 kB
ShmemHugePages:        0 kB
ShmemPmdMapped:        0 kB
HugePages_Total:       0
HugePages_Free:        0
HugePages_Rsvd:        0
HugePages_Surp:        0
Hugepagesize:       2048 kB
Hugetlb:               0 kB
DirectMap4k:      483200 kB
DirectMap2M:     5660672 kB

/sys/kernel/mm/transparent_hugepage/enabled:
[always] madvise never
/sys/kernel/mm/transparent_hugepage/defrag (defrag/compaction efforts parameter):
always defer defer+madvise [madvise] never

Process Memory:
Virtual Size: 4870420K (peak: 12895244K)
Resident Set Size: 82136K (peak: 82136K) (anon: 55360K, file: 26776K, shmem: 0K)
Swapped out: 0K
C-Heap outstanding allocations: 7990K

/proc/sys/kernel/threads-max (system-wide limit on the number of threads):
46069
/proc/sys/vm/max_map_count (maximum number of memory map areas a process may have):
65530
/proc/sys/kernel/pid_max (system-wide limit on number of process identifiers):
131072

container (cgroup) information:
container_type: cgroupv1
cpu_cpuset_cpus: 0-3
cpu_memory_nodes: 0
active_processor_count: 4
cpu_quota: -1
cpu_period: 100000
cpu_shares: -1
memory_limit_in_bytes: -1
memory_and_swap_limit_in_bytes: -2
memory_soft_limit_in_bytes: -1
memory_usage_in_bytes: 4567441408
memory_max_usage_in_bytes: 4978700288

VMWare virtualization detected
Steal ticks since vm start: 0
Steal ticks percentage since vm start:  0.000

CPU:total 4 (initial active 4) (2 cores per cpu, 1 threads per core) family 6 model 37 stepping 5 microcode 0x7, cmov, cx8, fxsr, mmx, sse, sse2, sse3, ssse3, sse4.1, sse4.2, popcnt, aes, clmul, tsc, tscinvbit
CPU Model and flags from /proc/cpuinfo:
model name	: Intel(R) Core(TM) i5 CPU         650  @ 3.20GHz
flags		: fpu vme de pse tsc msr pae mce cx8 apic sep mtrr pge mca cmov pat pse36 clflush mmx fxsr sse sse2 ss ht syscall nx rdtscp lm constant_tsc arch_perfmon nopl xtopology tsc_reliable nonstop_tsc cpuid pni pclmulqdq ssse3 cx16 sse4_1 sse4_2 x2apic popcnt tsc_deadline_timer aes hypervisor lahf_lm pti ssbd ibrs ibpb stibp tsc_adjust arat arch_capabilities
Online cpus:
0-3
Offline cpus:
4-127
BIOS frequency limitation:
<Not Available>
Frequency switch latency (ns):
<Not Available>
Available cpu frequencies:
<Not Available>
Current governor:
<Not Available>
Core performance/turbo boost:
<Not Available>

Memory: 4k page, physical 5936684k(145624k free), swap 998396k(655356k free)

vm_info: OpenJDK 64-Bit Server VM (11.0.15+10-post-Debian-1deb10u1) for linux-amd64 JRE (11.0.15+10-post-Debian-1deb10u1), built on May  3 2022 15:29:31 by "unknown" with gcc 8.3.0

END.
